<?xml version="1.0" encoding="UTF-8"?>
<testsuite xmlns:xsi="http://www.w3.org/2001/XMLSchema-instance" xsi:noNamespaceSchemaLocation="https://maven.apache.org/surefire/maven-surefire-plugin/xsd/surefire-test-report-3.0.xsd" version="3.0" name="org.example.InitializingVariableRuleTest" time="0.042" tests="3" errors="3" skipped="0" failures="0">
  <properties>
[...]
</properties>
  <testcase name="testSayHello" classname="org.example.InitializingVariableRuleTest" time="0.007">
    <error type="java.lang.NullPointerException">java.lang.NullPointerException
	at org.example.InitializingVariableRuleTest.testSayHello(InitializingVariableRuleTest.java:38)
</error>
    <system-out><![CDATA[Contract deployment failed with error Failed: exception thrown
]]></system-out>
    <system-err><![CDATA[DApp deployment failed due to uncaught EXCEPTION: "org.aion.avm.userlib.abi.ABIException: null"
i.UncaughtException: org.aion.avm.userlib.abi.ABIException: null
	at org.aion.avm.core.persistence.LoadedDApp.handleUncaughtException(LoadedDApp.java:325)
	at org.aion.avm.core.persistence.LoadedDApp.forceInitializeOneClass(LoadedDApp.java:301)
	at org.aion.avm.core.persistence.LoadedDApp.forceInitializeAllClasses(LoadedDApp.java:281)
	at org.aion.avm.core.DAppCreator.runClinitAndBillSender(DAppCreator.java:434)
	at org.aion.avm.core.DAppCreator.create(DAppCreator.java:272)
	at org.aion.avm.core.AvmImpl.commonInvoke(AvmImpl.java:484)
	at org.aion.avm.core.AvmImpl.runExternalInvoke(AvmImpl.java:419)
	at org.aion.avm.core.AvmImpl.backgroundProcessTransaction(AvmImpl.java:291)
	at org.aion.avm.core.AvmImpl.access$300(AvmImpl.java:31)
	at org.aion.avm.core.AvmImpl$AvmExecutorThread.run(AvmImpl.java:115)
Caused by: e.org.aion.avm.userlib.abi.ABIException
	at java.base/jdk.internal.reflect.NativeConstructorAccessorImpl.newInstance0(Native Method)
	at java.base/jdk.internal.reflect.NativeConstructorAccessorImpl.newInstance(NativeConstructorAccessorImpl.java:62)
	at java.base/jdk.internal.reflect.DelegatingConstructorAccessorImpl.newInstance(DelegatingConstructorAccessorImpl.java:45)
	at java.base/java.lang.reflect.Constructor.newInstanceWithCaller(Constructor.java:500)
	at java.base/java.lang.reflect.Constructor.newInstance(Constructor.java:481)
	at i.CommonInstrumentation.wrapAsThrowable(CommonInstrumentation.java:141)
	at H.wrapAsThrowable(Unknown Source)
	at org.aion.avm.userlib.abi.ABIDecoder.avm_checkNullEmptyData(Unknown Source)
	at org.aion.avm.userlib.abi.ABIDecoder.avm_decodeOneBoolean(Unknown Source)
	at org.example.InitializingVariable.<clinit>(Unknown Source)
	at java.base/java.lang.Class.forName0(Native Method)
	at java.base/java.lang.Class.forName(Class.java:427)
	at org.aion.avm.core.persistence.LoadedDApp.forceInitializeOneClass(LoadedDApp.java:287)
	... 8 more
]]></system-err>
  </testcase>
  <testcase name="testSetString" classname="org.example.InitializingVariableRuleTest" time="0.018">
    <error type="java.lang.NullPointerException">java.lang.NullPointerException
	at org.example.InitializingVariableRuleTest.testSetString(InitializingVariableRuleTest.java:51)
</error>
  </testcase>
  <testcase name="testGetString" classname="org.example.InitializingVariableRuleTest" time="0.002">
    <error type="java.lang.NullPointerException">java.lang.NullPointerException
	at org.example.InitializingVariableRuleTest.testGetString(InitializingVariableRuleTest.java:64)
</error>
  </testcase>
</testsuite>